# JRE version: OpenJDK Runtime Environment JBR-17.0.12+1-1207.37-nomod (17.0.12+1) (build 17.0.12+1-b1207.37)
# Java VM: OpenJDK 64-Bit Server VM JBR-17.0.12+1-1207.37-nomod (17.0.12+1-b1207.37, mixed mode, emulated-client, sharing, tiered, compressed oops, compressed class ptrs, g1 gc, windows-amd64)
GC Precious Log:
 CPUs: 4 total, 4 available
 Memory: 8107M
 Large Page Support: Disabled
 NUMA Support: Disabled
 Compressed Oops: Enabled (32-bit)
 Heap Region Size: 1M
 Heap Min Capacity: 8M
 Heap Initial Capacity: 128M
 Heap Max Capacity: 2028M
 Pre-touch: Disabled
 Parallel Workers: 4
 Concurrent Workers: 1
 Concurrent Refinement Workers: 4
 Periodic GC: Disabled
Heap:
 garbage-first heap   total 131072K, used 36598K [0x0000000081400000, 0x0000000100000000)
  region size 1024K, 6 young (6144K), 6 survivors (6144K)
 Metaspace       used 45981K, committed 46528K, reserved 1114112K
  class space    used 6657K, committed 6912K, reserved 1048576K
GC Heap History (20 events):
Event: 0.572 GC heap after
{Heap after GC invocations=1 (full 0):
 garbage-first heap   total 131072K, used 10549K [0x0000000081400000, 0x0000000100000000)
  region size 1024K, 2 young (2048K), 2 survivors (2048K)
 Metaspace       used 2865K, committed 3072K, reserved 1114112K
  class space    used 347K, committed 448K, reserved 1048576K
}
Event: 0.879 GC heap before
{Heap before GC invocations=1 (full 0):
 garbage-first heap   total 131072K, used 15669K [0x0000000081400000, 0x0000000100000000)
  region size 1024K, 8 young (8192K), 2 survivors (2048K)
 Metaspace       used 6571K, committed 6784K, reserved 1114112K
  class space    used 830K, committed 960K, reserved 1048576K
}
Event: 0.883 GC heap after
{Heap after GC invocations=2 (full 0):
 garbage-first heap   total 131072K, used 11657K [0x0000000081400000, 0x0000000100000000)
  region size 1024K, 1 young (1024K), 1 survivors (1024K)
 Metaspace       used 6571K, committed 6784K, reserved 1114112K
  class space    used 830K, committed 960K, reserved 1048576K
}
Event: 1.329 GC heap before
{Heap before GC invocations=2 (full 0):
 garbage-first heap   total 131072K, used 34185K [0x0000000081400000, 0x0000000100000000)
  region size 1024K, 19 young (19456K), 1 survivors (1024K)
 Metaspace       used 9180K, committed 9408K, reserved 1114112K
  class space    used 1154K, committed 1216K, reserved 1048576K
}
Event: 1.335 GC heap after
{Heap after GC invocations=3 (full 0):
 garbage-first heap   total 131072K, used 15205K [0x0000000081400000, 0x0000000100000000)
  region size 1024K, 3 young (3072K), 3 survivors (3072K)
 Metaspace       used 9180K, committed 9408K, reserved 1114112K
  class space    used 1154K, committed 1216K, reserved 1048576K
}
Event: 3.648 GC heap before
{Heap before GC invocations=3 (full 0):
 garbage-first heap   total 131072K, used 71525K [0x0000000081400000, 0x0000000100000000)
  region size 1024K, 60 young (61440K), 3 survivors (3072K)
 Metaspace       used 21194K, committed 21504K, reserved 1114112K
  class space    used 2893K, committed 3072K, reserved 1048576K
}
Event: 3.659 GC heap after
{Heap after GC invocations=4 (full 0):
 garbage-first heap   total 131072K, used 19277K [0x0000000081400000, 0x0000000100000000)
  region size 1024K, 7 young (7168K), 7 survivors (7168K)
 Metaspace       used 21194K, committed 21504K, reserved 1114112K
  class space    used 2893K, committed 3072K, reserved 1048576K
}
Event: 4.430 GC heap before
{Heap before GC invocations=5 (full 0):
 garbage-first heap   total 75776K, used 56141K [0x0000000081400000, 0x0000000100000000)
  region size 1024K, 44 young (45056K), 7 survivors (7168K)
 Metaspace       used 24268K, committed 24576K, reserved 1114112K
  class space    used 3297K, committed 3456K, reserved 1048576K
}
Event: 4.447 GC heap after
{Heap after GC invocations=6 (full 0):
 garbage-first heap   total 75776K, used 22838K [0x0000000081400000, 0x0000000100000000)
  region size 1024K, 4 young (4096K), 4 survivors (4096K)
 Metaspace       used 24268K, committed 24576K, reserved 1114112K
  class space    used 3297K, committed 3456K, reserved 1048576K
}
Event: 4.485 GC heap before
{Heap before GC invocations=6 (full 0):
 garbage-first heap   total 75776K, used 23862K [0x0000000081400000, 0x0000000100000000)
  region size 1024K, 5 young (5120K), 4 survivors (4096K)
 Metaspace       used 24282K, committed 24576K, reserved 1114112K
  class space    used 3301K, committed 3456K, reserved 1048576K
}
Event: 4.494 GC heap after
{Heap after GC invocations=7 (full 0):
 garbage-first heap   total 91136K, used 23324K [0x0000000081400000, 0x0000000100000000)
  region size 1024K, 1 young (1024K), 1 survivors (1024K)
 Metaspace       used 24282K, committed 24576K, reserved 1114112K
  class space    used 3301K, committed 3456K, reserved 1048576K
}
Event: 5.143 GC heap before
{Heap before GC invocations=7 (full 0):
 garbage-first heap   total 91136K, used 63260K [0x0000000081400000, 0x0000000100000000)
  region size 1024K, 40 young (40960K), 1 survivors (1024K)
 Metaspace       used 27883K, committed 28288K, reserved 1114112K
  class space    used 3889K, committed 4032K, reserved 1048576K
}
Event: 5.149 GC heap after
{Heap after GC invocations=8 (full 0):
 garbage-first heap   total 91136K, used 25312K [0x0000000081400000, 0x0000000100000000)
  region size 1024K, 3 young (3072K), 3 survivors (3072K)
 Metaspace       used 27883K, committed 28288K, reserved 1114112K
  class space    used 3889K, committed 4032K, reserved 1048576K
}
Event: 5.945 GC heap before
{Heap before GC invocations=9 (full 0):
 garbage-first heap   total 91136K, used 66272K [0x0000000081400000, 0x0000000100000000)
  region size 1024K, 43 young (44032K), 3 survivors (3072K)
 Metaspace       used 34500K, committed 34944K, reserved 1114112K
  class space    used 4921K, committed 5120K, reserved 1048576K
}
Event: 5.953 GC heap after
{Heap after GC invocations=10 (full 0):
 garbage-first heap   total 91136K, used 28100K [0x0000000081400000, 0x0000000100000000)
  region size 1024K, 6 young (6144K), 6 survivors (6144K)
 Metaspace       used 34500K, committed 34944K, reserved 1114112K
  class space    used 4921K, committed 5120K, reserved 1048576K
}
Event: 6.574 GC heap before
{Heap before GC invocations=10 (full 0):
 garbage-first heap   total 91136K, used 69060K [0x0000000081400000, 0x0000000100000000)
  region size 1024K, 45 young (46080K), 6 survivors (6144K)
 Metaspace       used 38388K, committed 38848K, reserved 1114112K
  class space    used 5479K, committed 5696K, reserved 1048576K
}
Event: 6.589 GC heap after
{Heap after GC invocations=11 (full 0):
 garbage-first heap   total 91136K, used 30995K [0x0000000081400000, 0x0000000100000000)
  region size 1024K, 6 young (6144K), 6 survivors (6144K)
 Metaspace       used 38388K, committed 38848K, reserved 1114112K
  class space    used 5479K, committed 5696K, reserved 1048576K
}
Event: 7.027 GC heap before
{Heap before GC invocations=11 (full 0):
 garbage-first heap   total 91136K, used 69907K [0x0000000081400000, 0x0000000100000000)
  region size 1024K, 44 young (45056K), 6 survivors (6144K)
 Metaspace       used 41544K, committed 42112K, reserved 1114112K
  class space    used 5983K, committed 6272K, reserved 1048576K
}
Event: 7.038 GC heap after
{Heap after GC invocations=12 (full 0):
 garbage-first heap   total 91136K, used 31919K [0x0000000081400000, 0x0000000100000000)
  region size 1024K, 4 young (4096K), 4 survivors (4096K)
 Metaspace       used 41544K, committed 42112K, reserved 1114112K
  class space    used 5983K, committed 6272K, reserved 1048576K
}
Event: 7.698 GC heap before
{Heap before GC invocations=12 (full 0):
 garbage-first heap   total 91136K, used 69807K [0x0000000081400000, 0x0000000100000000)
  region size 1024K, 42 young (43008K), 4 survivors (4096K)
 Metaspace       used 45981K, committed 46528K, reserved 1114112K
  class space    used 6657K, committed 6912K, reserved 1048576K
}

