# JRE version: OpenJDK Runtime Environment (22.0.2+9) (build 22.0.2+9-70)
# Java VM: OpenJDK 64-Bit Server VM (22.0.2+9-70, mixed mode, emulated-client, sharing, tiered, compressed oops, compressed class ptrs, g1 gc, windows-amd64)
GC Precious Log:
 CardTable entry size: 512
 Card Set container configuration: InlinePtr #cards 5 size 8 Array Of Cards #cards 12 size 40 Howl #buckets 4 coarsen threshold 1843 Howl Bitmap #cards 512 size 80 coarsen threshold 460 Card regions per heap region 1 cards per card region 2048
 CPUs: 4 total, 4 available
 Memory: 8107M
 Large Page Support: Disabled
 NUMA Support: Disabled
 Compressed Oops: Enabled (32-bit)
 Heap Region Size: 1M
 Heap Min Capacity: 8M
 Heap Initial Capacity: 128M
 Heap Max Capacity: 2028M
 Pre-touch: Disabled
 Parallel Workers: 4
 Concurrent Workers: 1
 Concurrent Refinement Workers: 4
 Periodic GC: Disabled
Heap:
 garbage-first heap   total reserved 2076672K, committed 62464K, used 33238K [0x0000000081400000, 0x0000000100000000)
  region size 1024K, 1 young (1024K), 1 survivors (1024K)
 Metaspace       used 64114K, committed 64896K, reserved 1114112K
  class space    used 9443K, committed 9792K, reserved 1048576K
GC Heap History (20 events):
Event: 2.800 GC heap after
{Heap after GC invocations=7 (full 0):
 garbage-first heap   total reserved 2076672K, committed 51200K, used 18900K [0x0000000081400000, 0x0000000100000000)
  region size 1024K, 2 young (2048K), 2 survivors (2048K)
 Metaspace       used 26395K, committed 26816K, reserved 1114112K
  class space    used 3615K, committed 3776K, reserved 1048576K
}
Event: 3.216 GC heap before
{Heap before GC invocations=7 (full 0):
 garbage-first heap   total reserved 2076672K, committed 51200K, used 41428K [0x0000000081400000, 0x0000000100000000)
  region size 1024K, 24 young (24576K), 2 survivors (2048K)
 Metaspace       used 29598K, committed 30208K, reserved 1114112K
  class space    used 4140K, committed 4416K, reserved 1048576K
}
Event: 3.224 GC heap after
{Heap after GC invocations=8 (full 0):
 garbage-first heap   total reserved 2076672K, committed 51200K, used 21028K [0x0000000081400000, 0x0000000100000000)
  region size 1024K, 3 young (3072K), 3 survivors (3072K)
 Metaspace       used 29598K, committed 30208K, reserved 1114112K
  class space    used 4140K, committed 4416K, reserved 1048576K
}
Event: 3.625 GC heap before
{Heap before GC invocations=8 (full 0):
 garbage-first heap   total reserved 2076672K, committed 51200K, used 41508K [0x0000000081400000, 0x0000000100000000)
  region size 1024K, 24 young (24576K), 3 survivors (3072K)
 Metaspace       used 32837K, committed 33344K, reserved 1114112K
  class space    used 4580K, committed 4800K, reserved 1048576K
}
Event: 3.636 GC heap after
{Heap after GC invocations=9 (full 0):
 garbage-first heap   total reserved 2076672K, committed 61440K, used 23261K [0x0000000081400000, 0x0000000100000000)
  region size 1024K, 2 young (2048K), 2 survivors (2048K)
 Metaspace       used 32837K, committed 33344K, reserved 1114112K
  class space    used 4580K, committed 4800K, reserved 1048576K
}
Event: 3.989 GC heap before
{Heap before GC invocations=9 (full 0):
 garbage-first heap   total reserved 2076672K, committed 61440K, used 46813K [0x0000000081400000, 0x0000000100000000)
  region size 1024K, 27 young (27648K), 2 survivors (2048K)
 Metaspace       used 35584K, committed 36160K, reserved 1114112K
  class space    used 4981K, committed 5184K, reserved 1048576K
}
Event: 3.994 GC heap after
{Heap after GC invocations=10 (full 0):
 garbage-first heap   total reserved 2076672K, committed 61440K, used 24256K [0x0000000081400000, 0x0000000100000000)
  region size 1024K, 3 young (3072K), 3 survivors (3072K)
 Metaspace       used 35584K, committed 36160K, reserved 1114112K
  class space    used 4981K, committed 5184K, reserved 1048576K
}
Event: 4.558 GC heap before
{Heap before GC invocations=11 (full 0):
 garbage-first heap   total reserved 2076672K, committed 61440K, used 52928K [0x0000000081400000, 0x0000000100000000)
  region size 1024K, 31 young (31744K), 3 survivors (3072K)
 Metaspace       used 43066K, committed 43712K, reserved 1114112K
  class space    used 6117K, committed 6400K, reserved 1048576K
}
Event: 4.564 GC heap after
{Heap after GC invocations=12 (full 0):
 garbage-first heap   total reserved 2076672K, committed 61440K, used 26600K [0x0000000081400000, 0x0000000100000000)
  region size 1024K, 4 young (4096K), 4 survivors (4096K)
 Metaspace       used 43066K, committed 43712K, reserved 1114112K
  class space    used 6117K, committed 6400K, reserved 1048576K
}
Event: 5.173 GC heap before
{Heap before GC invocations=12 (full 0):
 garbage-first heap   total reserved 2076672K, committed 61440K, used 53224K [0x0000000081400000, 0x0000000100000000)
  region size 1024K, 30 young (30720K), 4 survivors (4096K)
 Metaspace       used 49913K, committed 50560K, reserved 1114112K
  class space    used 7029K, committed 7296K, reserved 1048576K
}
Event: 5.179 GC heap after
{Heap after GC invocations=13 (full 0):
 garbage-first heap   total reserved 2076672K, committed 61440K, used 27935K [0x0000000081400000, 0x0000000100000000)
  region size 1024K, 3 young (3072K), 3 survivors (3072K)
 Metaspace       used 49913K, committed 50560K, reserved 1114112K
  class space    used 7029K, committed 7296K, reserved 1048576K
}
Event: 5.778 GC heap before
{Heap before GC invocations=13 (full 0):
 garbage-first heap   total reserved 2076672K, committed 61440K, used 52511K [0x0000000081400000, 0x0000000100000000)
  region size 1024K, 27 young (27648K), 3 survivors (3072K)
 Metaspace       used 55675K, committed 56320K, reserved 1114112K
  class space    used 8031K, committed 8320K, reserved 1048576K
}
Event: 5.782 GC heap after
{Heap after GC invocations=14 (full 0):
 garbage-first heap   total reserved 2076672K, committed 61440K, used 28682K [0x0000000081400000, 0x0000000100000000)
  region size 1024K, 3 young (3072K), 3 survivors (3072K)
 Metaspace       used 55675K, committed 56320K, reserved 1114112K
  class space    used 8031K, committed 8320K, reserved 1048576K
}
Event: 6.230 GC heap before
{Heap before GC invocations=14 (full 0):
 garbage-first heap   total reserved 2076672K, committed 61440K, used 46090K [0x0000000081400000, 0x0000000100000000)
  region size 1024K, 22 young (22528K), 3 survivors (3072K)
 Metaspace       used 60000K, committed 60736K, reserved 1114112K
  class space    used 8657K, committed 8960K, reserved 1048576K
}
Event: 6.235 GC heap after
{Heap after GC invocations=15 (full 0):
 garbage-first heap   total reserved 2076672K, committed 61440K, used 30076K [0x0000000081400000, 0x0000000100000000)
  region size 1024K, 3 young (3072K), 3 survivors (3072K)
 Metaspace       used 60000K, committed 60736K, reserved 1114112K
  class space    used 8657K, committed 8960K, reserved 1048576K
}
Event: 6.676 GC heap before
{Heap before GC invocations=16 (full 0):
 garbage-first heap   total reserved 2076672K, committed 61440K, used 54652K [0x0000000081400000, 0x0000000100000000)
  region size 1024K, 27 young (27648K), 3 survivors (3072K)
 Metaspace       used 64079K, committed 64832K, reserved 1114112K
  class space    used 9437K, committed 9792K, reserved 1048576K
}
Event: 6.682 GC heap after
{Heap after GC invocations=17 (full 0):
 garbage-first heap   total reserved 2076672K, committed 61440K, used 32404K [0x0000000081400000, 0x0000000100000000)
  region size 1024K, 4 young (4096K), 4 survivors (4096K)
 Metaspace       used 64079K, committed 64832K, reserved 1114112K
  class space    used 9437K, committed 9792K, reserved 1048576K
}
Event: 6.758 GC heap before
{Heap before GC invocations=17 (full 0):
 garbage-first heap   total reserved 2076672K, committed 61440K, used 53908K [0x0000000081400000, 0x0000000100000000)
  region size 1024K, 25 young (25600K), 4 survivors (4096K)
 Metaspace       used 64108K, committed 64896K, reserved 1114112K
  class space    used 9443K, committed 9792K, reserved 1048576K
}
Event: 6.769 GC heap after
{Heap after GC invocations=18 (full 0):
 garbage-first heap   total reserved 2076672K, committed 62464K, used 35055K [0x0000000081400000, 0x0000000100000000)
  region size 1024K, 3 young (3072K), 3 survivors (3072K)
 Metaspace       used 64108K, committed 64896K, reserved 1114112K
  class space    used 9443K, committed 9792K, reserved 1048576K
}
Event: 6.857 GC heap before
{Heap before GC invocations=18 (full 0):
 garbage-first heap   total reserved 2076672K, committed 62464K, used 54511K [0x0000000081400000, 0x0000000100000000)
  region size 1024K, 22 young (22528K), 3 survivors (3072K)
 Metaspace       used 64114K, committed 64896K, reserved 1114112K
  class space    used 9443K, committed 9792K, reserved 1048576K
}

